d:\iti\iti study\computer graphics\opengl\day01\openglproject\openglproject\debug\vc142.pdb
d:\iti\iti study\computer graphics\opengl\day01\openglproject\openglproject\debug\vc142.idb
d:\iti\iti study\computer graphics\opengl\day01\openglproject\openglproject\debug\source.obj
d:\iti\iti study\computer graphics\opengl\projects\day02\line drawer\openglproject\debug\vc142.pdb
d:\iti\iti study\computer graphics\opengl\projects\day02\line drawer\openglproject\debug\vc142.idb
d:\iti\iti study\computer graphics\opengl\projects\day02\line drawer\openglproject\debug\source.obj
d:\iti\iti study\computer graphics\opengl\projects\day01\line drawer\openglproject\debug\vc142.pdb
d:\iti\iti study\computer graphics\opengl\projects\day01\line drawer\openglproject\debug\vc142.idb
d:\iti\iti study\computer graphics\opengl\projects\day01\line drawer\openglproject\debug\source.obj
f:\a kamel\projects\opengl\line drawer\openglproject\debug\vc142.pdb
f:\a kamel\projects\opengl\line drawer\openglproject\debug\vc142.idb
f:\a kamel\projects\opengl\line drawer\openglproject\debug\source.obj
d:\iti\iti study\computer graphics\opengl\day01\openglproject\debug\openglproject.exe
d:\iti\iti study\computer graphics\opengl\day01\openglproject\debug\openglproject.ilk
d:\iti\iti study\computer graphics\opengl\day01\openglproject\debug\openglproject.pdb
d:\iti\iti study\computer graphics\opengl\projects\day02\line drawer\debug\openglproject.exe
d:\iti\iti study\computer graphics\opengl\projects\day02\line drawer\debug\openglproject.ilk
d:\iti\iti study\computer graphics\opengl\projects\day02\line drawer\debug\openglproject.pdb
d:\iti\iti study\computer graphics\opengl\projects\day01\line drawer\debug\openglproject.exe
d:\iti\iti study\computer graphics\opengl\projects\day01\line drawer\debug\openglproject.ilk
d:\iti\iti study\computer graphics\opengl\projects\day01\line drawer\debug\openglproject.pdb
f:\a kamel\projects\opengl\line drawer\openglproject\debug\openglproject.ilk
f:\a kamel\projects\opengl\line drawer\debug\openglproject.exe
f:\a kamel\projects\opengl\line drawer\debug\openglproject.pdb
f:\a kamel\projects\opengl\line drawer\openglproject\debug\openglproject.tlog\cl.command.1.tlog
f:\a kamel\projects\opengl\line drawer\openglproject\debug\openglproject.tlog\cl.read.1.tlog
f:\a kamel\projects\opengl\line drawer\openglproject\debug\openglproject.tlog\cl.write.1.tlog
f:\a kamel\projects\opengl\line drawer\openglproject\debug\openglproject.tlog\link.command.1.tlog
f:\a kamel\projects\opengl\line drawer\openglproject\debug\openglproject.tlog\link.read.1.tlog
f:\a kamel\projects\opengl\line drawer\openglproject\debug\openglproject.tlog\link.write.1.tlog
