d:\iti\iti study\computer graphics\opengl\day 2\day 2\openglproject - demo4\openglproject\debug\vc142.pdb
d:\iti\iti study\computer graphics\opengl\day 2\day 2\openglproject - demo4\openglproject\debug\vc142.idb
d:\iti\iti study\computer graphics\opengl\day 2\day 2\openglproject - demo4\openglproject\debug\source.obj
f:\a kamel\projects\opengl\cube 3d\openglproject\debug\vc142.pdb
f:\a kamel\projects\opengl\cube 3d\openglproject\debug\vc142.idb
f:\a kamel\projects\opengl\cube 3d\openglproject\debug\source.obj
d:\iti\iti study\computer graphics\opengl\day 2\day 2\openglproject - demo4\debug\openglproject.exe
d:\iti\iti study\computer graphics\opengl\day 2\day 2\openglproject - demo4\debug\openglproject.ilk
d:\iti\iti study\computer graphics\opengl\day 2\day 2\openglproject - demo4\debug\openglproject.pdb
f:\a kamel\projects\opengl\cube 3d\debug\openglproject.exe
f:\a kamel\projects\opengl\cube 3d\openglproject\debug\openglproject.ilk
f:\a kamel\projects\opengl\cube 3d\debug\openglproject.pdb
f:\a kamel\projects\opengl\cube 3d\openglproject\debug\vc141.idb
f:\a kamel\projects\opengl\cube 3d\openglproject\debug\vc141.pdb
f:\a kamel\projects\opengl\cube 3d\openglproject\debug\openglproject.tlog\cl.command.1.tlog
f:\a kamel\projects\opengl\cube 3d\openglproject\debug\openglproject.tlog\cl.read.1.tlog
f:\a kamel\projects\opengl\cube 3d\openglproject\debug\openglproject.tlog\cl.write.1.tlog
f:\a kamel\projects\opengl\cube 3d\openglproject\debug\openglproject.tlog\link.command.1.tlog
f:\a kamel\projects\opengl\cube 3d\openglproject\debug\openglproject.tlog\link.read.1.tlog
f:\a kamel\projects\opengl\cube 3d\openglproject\debug\openglproject.tlog\link.write.1.tlog
